0 info it worked if it ends with ok
1 verbose cli [ 'c:\\Program Files (x86)\\nodejs\\node.exe',
1 verbose cli   'c:\\Program Files (x86)\\nodejs\\node_modules\\npm\\bin\\npm-cli.js',
1 verbose cli   'start' ]
2 info using npm@3.10.10
3 info using node@v6.10.2
4 verbose run-script [ 'prestart', 'start', 'poststart' ]
5 info lifecycle node-web-server@1.0.0~prestart: node-web-server@1.0.0
6 silly lifecycle node-web-server@1.0.0~prestart: no script for prestart, continuing
7 info lifecycle node-web-server@1.0.0~start: node-web-server@1.0.0
8 verbose lifecycle node-web-server@1.0.0~start: unsafe-perm in lifecycle true
9 verbose lifecycle node-web-server@1.0.0~start: PATH: c:\Program Files (x86)\nodejs\node_modules\npm\bin\node-gyp-bin;c:\Users\milo\Desktop\node-web-server\node_modules\.bin;c:\Users\milo\bin;.;C:\Program Files (x86)\Git\local\bin;C:\Program Files (x86)\Git\mingw\bin;C:\Program Files (x86)\Git\bin;c:\ProgramData\Oracle\Java\javapath;c:\Program Files (x86)\iis express\PHP\v5.4;c:\Program Files (x86)\iis express\PHP\v5.3;c:\WINDOWS\system32;c:\WINDOWS;c:\WINDOWS\System32\Wbem;c:\WINDOWS\System32\WindowsPowerShell\v1.0\;c:\Program Files (x86)\Windows Kits\8.1\Windows Performance Toolkit\;c:\Program Files\Microsoft SQL Server\110\Tools\Binn\;c:\Program Files (x86)\Intel\OpenCL SDK\2.0\bin\x86;c:\Program Files (x86)\Intel\OpenCL SDK\2.0\bin\x64;c:\Program Files (x86)\Microsoft SQL Server\100\Tools\Binn\;c:\Program Files\Microsoft SQL Server\100\Tools\Binn\;c:\Program Files\Microsoft SQL Server\100\DTS\Binn\;c:\Program Files (x86)\Microsoft SQL Server\100\Tools\Binn\VSShell\Common7\IDE\;c:\Program Files (x86)\Microsoft SQL Server\100\DTS\Binn\;c:\Program Files\Microsoft\Web Platform Installer\;c:\Program Files (x86)\Microsoft SDKs\Azure\CLI\wbin;c:\Users\milo\AppData\Roaming\npm;c:\Program Files (x86)\PHPAzure-4.1.0\bin;c:\Program Files\Microsoft SQL Server\120\Tools\Binn\;c:\Program Files (x86)\Microsoft SDKs\TypeScript\1.1\;c:\Program Files (x86)\Microsoft SQL Server\110\Tools\Binn\;c:\Program Files (x86)\Microsoft SQL Server\110\DTS\Binn\;c:\WINDOWS\system32;c:\WINDOWS;c:\WINDOWS\System32\Wbem;c:\WINDOWS\System32\WindowsPowerShell\v1.0\;c:\Program Files (x86)\nodejs\;c:\Users\milo\AppData\Local\heroku;c:\Users\milo\AppData\Local\Microsoft\WindowsApps;c:\Users\milo\AppData\Roaming\npm;c:\Users\milo\AppData\Local\atom\bin;c:\Program Files\Heroku\bin
10 verbose lifecycle node-web-server@1.0.0~start: CWD: c:\Users\milo\Desktop\node-web-server
11 silly lifecycle node-web-server@1.0.0~start: Args: [ '/d /s /c', 'node server.js' ]
12 silly lifecycle node-web-server@1.0.0~start: Returned: code: 1  signal: null
13 info lifecycle node-web-server@1.0.0~start: Failed to exec start script
14 verbose stack Error: node-web-server@1.0.0 start: `node server.js`
14 verbose stack Exit status 1
14 verbose stack     at EventEmitter.<anonymous> (c:\Program Files (x86)\nodejs\node_modules\npm\lib\utils\lifecycle.js:255:16)
14 verbose stack     at emitTwo (events.js:106:13)
14 verbose stack     at EventEmitter.emit (events.js:191:7)
14 verbose stack     at ChildProcess.<anonymous> (c:\Program Files (x86)\nodejs\node_modules\npm\lib\utils\spawn.js:40:14)
14 verbose stack     at emitTwo (events.js:106:13)
14 verbose stack     at ChildProcess.emit (events.js:191:7)
14 verbose stack     at maybeClose (internal/child_process.js:886:16)
14 verbose stack     at Process.ChildProcess._handle.onexit (internal/child_process.js:226:5)
15 verbose pkgid node-web-server@1.0.0
16 verbose cwd c:\Users\milo\Desktop\node-web-server
17 error Windows_NT 10.0.15063
18 error argv "c:\\Program Files (x86)\\nodejs\\node.exe" "c:\\Program Files (x86)\\nodejs\\node_modules\\npm\\bin\\npm-cli.js" "start"
19 error node v6.10.2
20 error npm  v3.10.10
21 error code ELIFECYCLE
22 error node-web-server@1.0.0 start: `node server.js`
22 error Exit status 1
23 error Failed at the node-web-server@1.0.0 start script 'node server.js'.
23 error Make sure you have the latest version of node.js and npm installed.
23 error If you do, this is most likely a problem with the node-web-server package,
23 error not with npm itself.
23 error Tell the author that this fails on your system:
23 error     node server.js
23 error You can get information on how to open an issue for this project with:
23 error     npm bugs node-web-server
23 error Or if that isn't available, you can get their info via:
23 error     npm owner ls node-web-server
23 error There is likely additional logging output above.
24 verbose exit [ 1, true ]
